0 info it worked if it ends with ok
1 verbose cli [ '/usr/local/bin/node',
1 verbose cli   '/usr/local/bin/npm',
1 verbose cli   'install',
1 verbose cli   'iedb-*' ]
2 info using npm@2.15.8
3 info using node@v4.4.7
4 verbose install initial load of /home/shashank/webapps/effective-enigma/package.json
5 warn package.json effective-enigma@1.0.0 No repository field.
6 verbose readDependencies loading dependencies from /home/shashank/webapps/effective-enigma/package.json
7 silly cache add args [ 'iedb-*', null ]
8 verbose cache add spec iedb-*
9 silly cache add parsed spec Result {
9 silly cache add   raw: 'iedb-*',
9 silly cache add   scope: null,
9 silly cache add   name: null,
9 silly cache add   rawSpec: 'iedb-*',
9 silly cache add   spec: '/home/shashank/webapps/effective-enigma/hackerRank/iedb-*',
9 silly cache add   type: 'local' }
10 error addLocal Could not install /home/shashank/webapps/effective-enigma/hackerRank/iedb-*
11 verbose stack Error: ENOENT: no such file or directory, open '/home/shashank/webapps/effective-enigma/hackerRank/iedb-*'
11 verbose stack     at Error (native)
12 verbose cwd /home/shashank/webapps/effective-enigma/hackerRank
13 error Linux 4.2.0-42-generic
14 error argv "/usr/local/bin/node" "/usr/local/bin/npm" "install" "iedb-*"
15 error node v4.4.7
16 error npm  v2.15.8
17 error path /home/shashank/webapps/effective-enigma/hackerRank/iedb-*
18 error code ENOENT
19 error errno -2
20 error syscall open
21 error enoent ENOENT: no such file or directory, open '/home/shashank/webapps/effective-enigma/hackerRank/iedb-*'
21 error enoent This is most likely not a problem with npm itself
21 error enoent and is related to npm not being able to find a file.
22 verbose exit [ -2, true ]
